/data01/giorgio/RNARNA-NT/src/run_binary_cl_on_test_500.py:234: DtypeWarning: Columns (18,19,21,22,23,24) have mixed types.Specify dtype option on import or set low_memory=False.
  main(args)
/data01/giorgio/ENTER/envs/dnabert/lib/python3.9/site-packages/torch/nn/init.py:388: UserWarning: Initializing zero-element tensors is a no-op
  warnings.warn("Initializing zero-element tensors is a no-op")
============================================================
<class 'transformers.tokenization_dna.DNATokenizer'>
Traceback (most recent call last):
  File "/data01/giorgio/ENTER/envs/dnabert/lib/python3.9/site-packages/pandas/core/indexes/base.py", line 3361, in get_loc
    return self._engine.get_loc(casted_key)
  File "pandas/_libs/index.pyx", line 76, in pandas._libs.index.IndexEngine.get_loc
  File "pandas/_libs/index.pyx", line 108, in pandas._libs.index.IndexEngine.get_loc
  File "pandas/_libs/hashtable_class_helper.pxi", line 5198, in pandas._libs.hashtable.PyObjectHashTable.get_item
  File "pandas/_libs/hashtable_class_helper.pxi", line 5206, in pandas._libs.hashtable.PyObjectHashTable.get_item
KeyError: 'df_nt_id'

The above exception was the direct cause of the following exception:

Traceback (most recent call last):
  File "/data01/giorgio/RNARNA-NT/src/run_binary_cl_on_test_500.py", line 234, in <module>
    main(args)
  File "/data01/giorgio/RNARNA-NT/src/run_binary_cl_on_test_500.py", line 99, in main
    gene1, gene2, id_couple, id_couple_nt, l1, l2 = row['gene1'], row['gene2'], row['couples'], row['df_nt_id'], row['len1'], row['len2']
  File "/data01/giorgio/ENTER/envs/dnabert/lib/python3.9/site-packages/pandas/core/series.py", line 942, in __getitem__
    return self._get_value(key)
  File "/data01/giorgio/ENTER/envs/dnabert/lib/python3.9/site-packages/pandas/core/series.py", line 1051, in _get_value
    loc = self.index.get_loc(label)
  File "/data01/giorgio/ENTER/envs/dnabert/lib/python3.9/site-packages/pandas/core/indexes/base.py", line 3363, in get_loc
    raise KeyError(key) from err
KeyError: 'df_nt_id'
